[2025-11-06 00:06:56][INFO][A1] A1 created at position null
[2025-11-06 00:06:56][INFO][A1] A1 created at position null
[2025-11-06 00:06:56][INFO][A1] A1 created at position null
[2025-11-06 00:06:56][INFO][A1] A1 created at position null
[2025-11-06 00:06:56][INFO][A1] A1 created at position null
[2025-11-06 00:08:19][INFO][A1] A1 created at position null
[2025-11-06 00:08:19][INFO][A1] A1 created at position null
[2025-11-06 00:08:19][INFO][A1] A1 created at position null
[2025-11-06 00:08:19][INFO][A1] A1 created at position null
[2025-11-06 00:08:19][INFO][A1] A1 created at position null
[2025-11-06 00:11:56][INFO][A1] A1 created at position null
[2025-11-06 00:11:56][INFO][A1] A1 created at position null
[2025-11-06 00:11:56][INFO][A1] A1 created at position null
[2025-11-06 00:11:56][INFO][A1] A1 created at position null
[2025-11-06 00:11:56][INFO][A1] A1 created at position null
[2025-11-06 00:12:38][INFO][A1] A1 created at position null
[2025-11-06 00:12:38][INFO][A1] A1 created at position null
[2025-11-06 00:12:38][INFO][A1] A1 created at position null
[2025-11-06 00:12:38][INFO][A1] A1 created at position null
[2025-11-06 00:12:38][INFO][A1] A1 created at position null
[2025-11-06 00:16:16][INFO][A1] A1 created at position null
[2025-11-06 00:16:16][INFO][A1] A1 created at position null
[2025-11-06 00:16:16][INFO][A1] A1 created at position null
[2025-11-06 00:16:16][INFO][A1] A1 created at position null
[2025-11-06 00:16:16][INFO][A1] A1 created at position null
[2025-11-06 00:32:13][INFO][A1] A1 created at position null
[2025-11-06 00:32:13][INFO][A1] A1 created at position null
[2025-11-06 00:32:13][INFO][A1] A1 created at position null
[2025-11-06 00:32:13][INFO][A1] A1 created at position null
[2025-11-06 00:32:13][INFO][A1] A1 created at position null
[2025-11-06 00:32:13][INFO][A1] A1 created at position null
[2025-11-06 00:32:13][INFO][A1] A1 created at position null
[2025-11-06 00:32:13][INFO][EquipmentManager] EquipmentManager initialized
[2025-11-06 00:32:13][INFO][EquipmentManager] Added C1
[2025-11-06 00:32:13][INFO][EquipmentManager] EquipmentManager initialized
[2025-11-06 00:32:13][INFO][EquipmentManager] Added C1
[2025-11-06 00:32:13][INFO][EquipmentManager] EquipmentManager initialized
[2025-11-06 00:32:13][INFO][EquipmentManager] Added C1
[2025-11-06 00:32:13][INFO][EquipmentManager] Exported CSV to equipment.csv
[2025-11-06 00:32:13][INFO][EquipmentManager] EquipmentManager initialized
[2025-11-06 00:32:13][INFO][EquipmentManager] Added C1
[2025-11-06 00:32:13][INFO][EquipmentManager] Assigned C1
[2025-11-06 00:32:13][INFO][EquipmentManager] Released C1
[2025-11-06 00:32:13][INFO][EquipmentManager] EquipmentManager initialized
[2025-11-06 00:32:13][INFO][EquipmentManager] Added C1
[2025-11-06 00:32:13][INFO][EquipmentManager] Assigned C1
[2025-11-06 00:37:31][INFO][A1] A1 created at position null
[2025-11-06 00:37:31][INFO][A1] A1 created at position null
[2025-11-06 00:37:31][INFO][A1] A1 created at position null
[2025-11-06 00:37:31][INFO][A1] A1 created at position null
[2025-11-06 00:37:31][INFO][A1] A1 created at position null
[2025-11-06 00:37:31][INFO][A1] A1 created at position null
[2025-11-06 00:37:31][INFO][A1] A1 created at position null
[2025-11-06 00:37:31][INFO][EquipmentManager] EquipmentManager initialized
[2025-11-06 00:37:31][INFO][EquipmentManager] Added C1
[2025-11-06 00:37:31][INFO][EquipmentManager] EquipmentManager initialized
[2025-11-06 00:37:31][INFO][EquipmentManager] Added C1
[2025-11-06 00:37:31][INFO][EquipmentManager] EquipmentManager initialized
[2025-11-06 00:37:31][INFO][EquipmentManager] Added C1
[2025-11-06 00:37:31][INFO][EquipmentManager] Exported CSV to equipment.csv
[2025-11-06 00:37:31][INFO][EquipmentManager] EquipmentManager initialized
[2025-11-06 00:37:31][INFO][EquipmentManager] Added C1
[2025-11-06 00:37:31][INFO][EquipmentManager] Assigned C1
[2025-11-06 00:37:31][INFO][EquipmentManager] Released C1
[2025-11-06 00:37:31][INFO][EquipmentManager] EquipmentManager initialized
[2025-11-06 00:37:31][INFO][EquipmentManager] Added C1
[2025-11-06 00:37:31][INFO][EquipmentManager] Assigned C1
[2025-11-06 00:40:52][INFO][A1] A1 created at position null
[2025-11-06 00:40:52][INFO][A1] A1 created at position null
[2025-11-06 00:40:52][INFO][A1] A1 created at position null
[2025-11-06 00:40:52][INFO][A1] A1 created at position null
[2025-11-06 00:40:52][INFO][A1] A1 created at position null
[2025-11-06 00:40:52][INFO][A1] A1 created at position null
[2025-11-06 00:40:52][INFO][A1] A1 created at position null
[2025-11-06 00:40:52][INFO][EquipmentManager] EquipmentManager initialized
[2025-11-06 00:40:52][INFO][EquipmentManager] Added C1
[2025-11-06 00:40:52][INFO][EquipmentManager] EquipmentManager initialized
[2025-11-06 00:40:52][INFO][EquipmentManager] Added C1
[2025-11-06 00:40:52][INFO][EquipmentManager] EquipmentManager initialized
[2025-11-06 00:40:52][INFO][EquipmentManager] Added C1
[2025-11-06 00:40:52][INFO][EquipmentManager] Exported CSV to equipment.csv
[2025-11-06 00:40:52][INFO][EquipmentManager] EquipmentManager initialized
[2025-11-06 00:40:52][INFO][EquipmentManager] Added C1
[2025-11-06 00:40:52][INFO][EquipmentManager] Assigned C1
[2025-11-06 00:40:52][INFO][EquipmentManager] Released C1
[2025-11-06 00:40:52][INFO][EquipmentManager] EquipmentManager initialized
[2025-11-06 00:40:52][INFO][EquipmentManager] Added C1
[2025-11-06 00:40:52][INFO][EquipmentManager] Assigned C1
[2025-11-06 00:43:55][INFO][A1] A1 created at position null
[2025-11-06 00:43:55][INFO][A1] A1 created at position null
[2025-11-06 00:43:55][INFO][A1] A1 created at position null
[2025-11-06 00:43:55][INFO][A1] A1 created at position null
[2025-11-06 00:43:55][INFO][A1] A1 created at position null
[2025-11-06 00:43:55][INFO][A1] A1 created at position null
[2025-11-06 00:43:55][INFO][A1] A1 created at position null
[2025-11-06 00:43:55][INFO][EquipmentManager] EquipmentManager initialized
[2025-11-06 00:43:55][INFO][EquipmentManager] Added C1
[2025-11-06 00:43:55][INFO][EquipmentManager] EquipmentManager initialized
[2025-11-06 00:43:55][INFO][EquipmentManager] Added C1
[2025-11-06 00:43:55][INFO][EquipmentManager] EquipmentManager initialized
[2025-11-06 00:43:55][INFO][EquipmentManager] Added C1
[2025-11-06 00:43:55][INFO][EquipmentManager] Exported CSV to equipment.csv
[2025-11-06 00:43:55][INFO][EquipmentManager] EquipmentManager initialized
[2025-11-06 00:43:55][INFO][EquipmentManager] Added C1
[2025-11-06 00:43:55][INFO][EquipmentManager] Assigned C1
[2025-11-06 00:43:55][INFO][EquipmentManager] Released C1
[2025-11-06 00:43:55][INFO][EquipmentManager] EquipmentManager initialized
[2025-11-06 00:43:55][INFO][EquipmentManager] Added C1
[2025-11-06 00:43:55][INFO][EquipmentManager] Assigned C1
[2025-11-06 00:45:49][INFO][A1] A1 created at position null
[2025-11-06 00:45:49][INFO][A1] A1 created at position null
[2025-11-06 00:45:49][INFO][A1] A1 created at position null
[2025-11-06 00:45:49][INFO][A1] A1 created at position null
[2025-11-06 00:45:49][INFO][A1] A1 created at position null
[2025-11-06 00:45:49][INFO][A1] A1 created at position null
[2025-11-06 00:45:49][INFO][A1] A1 created at position null
[2025-11-06 00:45:49][INFO][EquipmentManager] EquipmentManager initialized
[2025-11-06 00:45:49][INFO][EquipmentManager] Added C1
[2025-11-06 00:45:49][INFO][EquipmentManager] EquipmentManager initialized
[2025-11-06 00:45:49][INFO][EquipmentManager] Added C1
[2025-11-06 00:45:49][INFO][EquipmentManager] EquipmentManager initialized
[2025-11-06 00:45:49][INFO][EquipmentManager] Added C1
[2025-11-06 00:45:49][INFO][EquipmentManager] Exported CSV to equipment.csv
[2025-11-06 00:45:49][INFO][EquipmentManager] EquipmentManager initialized
[2025-11-06 00:45:49][INFO][EquipmentManager] Added C1
[2025-11-06 00:45:49][INFO][EquipmentManager] Assigned C1
[2025-11-06 00:45:49][INFO][EquipmentManager] Released C1
[2025-11-06 00:45:49][INFO][EquipmentManager] EquipmentManager initialized
[2025-11-06 00:45:49][INFO][EquipmentManager] Added C1
[2025-11-06 00:45:49][INFO][EquipmentManager] Assigned C1
[2025-11-06 12:08:37][INFO][A1] A1 created at position null
[2025-11-06 12:08:37][INFO][A1] A1 created at position null
[2025-11-06 12:08:37][INFO][A1] A1 created at position null
[2025-11-06 12:08:37][INFO][A1] A1 created at position null
[2025-11-06 12:08:37][INFO][A1] A1 created at position null
[2025-11-06 12:08:37][INFO][A1] A1 created at position null
[2025-11-06 12:08:37][INFO][A1] A1 created at position null
[2025-11-06 12:08:37][INFO][EquipmentManager] EquipmentManager initialized
[2025-11-06 12:08:37][INFO][EquipmentManager] Added C1
[2025-11-06 12:08:37][INFO][EquipmentManager] EquipmentManager initialized
[2025-11-06 12:08:37][INFO][EquipmentManager] Added C1
[2025-11-06 12:08:37][INFO][EquipmentManager] EquipmentManager initialized
[2025-11-06 12:08:37][INFO][EquipmentManager] Added C1
[2025-11-06 12:08:37][INFO][EquipmentManager] Exported CSV to equipment.csv
[2025-11-06 12:08:37][INFO][EquipmentManager] EquipmentManager initialized
[2025-11-06 12:08:37][INFO][EquipmentManager] Added C1
[2025-11-06 12:08:37][INFO][EquipmentManager] Assigned C1
[2025-11-06 12:08:37][INFO][EquipmentManager] Released C1
[2025-11-06 12:08:37][INFO][EquipmentManager] EquipmentManager initialized
[2025-11-06 12:08:37][INFO][EquipmentManager] Added C1
[2025-11-06 12:08:37][INFO][EquipmentManager] Assigned C1
[2025-11-06 17:27:28][INFO][A1] A1 created at position null
[2025-11-06 17:27:28][INFO][A1] A1 created at position null
[2025-11-06 17:27:28][INFO][A1] A1 created at position null
[2025-11-06 17:27:28][INFO][A1] A1 created at position null
[2025-11-06 17:27:28][INFO][A1] A1 created at position null
[2025-11-06 17:27:28][INFO][A1] A1 created at position null
[2025-11-06 17:27:28][INFO][A1] A1 created at position null
[2025-11-06 17:27:28][INFO][EquipmentManager] EquipmentManager initialized
[2025-11-06 17:27:28][INFO][EquipmentManager] Added C1
[2025-11-06 17:27:28][INFO][EquipmentManager] EquipmentManager initialized
[2025-11-06 17:27:28][INFO][EquipmentManager] Added C1
[2025-11-06 17:27:28][INFO][EquipmentManager] EquipmentManager initialized
[2025-11-06 17:27:28][INFO][EquipmentManager] Added C1
[2025-11-06 17:27:28][INFO][EquipmentManager] Exported CSV to equipment.csv
[2025-11-06 17:27:28][INFO][EquipmentManager] EquipmentManager initialized
[2025-11-06 17:27:28][INFO][EquipmentManager] Added C1
[2025-11-06 17:27:28][INFO][EquipmentManager] Assigned C1
[2025-11-06 17:27:28][INFO][EquipmentManager] Released C1
[2025-11-06 17:27:28][INFO][EquipmentManager] EquipmentManager initialized
[2025-11-06 17:27:28][INFO][EquipmentManager] Added C1
[2025-11-06 17:27:28][INFO][EquipmentManager] Assigned C1
