[2025-11-10 13:15:49][INFO][EquipmentManager] EquipmentManager initialized
[2025-11-10 13:15:49][INFO][AGV001] AGV001 created at position (3, 0, 0)
[2025-11-10 13:15:49][INFO][EquipmentManager] Added AGV001
[2025-11-10 13:15:49][INFO][Task-AGV001] Starting Charging Process for Equipment: AGV001
[2025-11-10 13:15:49][INFO][EquipmentManager] Charging started for AGV001
[2025-11-10 13:15:49][INFO][Task-AGV001] Equipment: AGV001 Charging... Current Level: 62.0%
[2025-11-10 13:15:50][INFO][AGV002] AGV002 created at position (2, 3, 0)
[2025-11-10 13:15:50][INFO][EquipmentManager] Added AGV002
[2025-11-10 13:15:50][INFO][Task-AGV002] Starting Charging Process for Equipment: AGV002
[2025-11-10 13:15:50][INFO][EquipmentManager] Charging started for AGV002
[2025-11-10 13:15:50][INFO][Task-AGV002] Equipment: AGV002 Charging... Current Level: 47.0%
[2025-11-10 13:15:50][INFO][Task-AGV001] Equipment: AGV001 Charging... Current Level: 72.0%
[2025-11-10 13:15:51][INFO][AGV003] AGV003 created at position (0, 1, 0)
[2025-11-10 13:15:51][INFO][EquipmentManager] Added AGV003
[2025-11-10 13:15:51][INFO][Task-AGV003] Starting Charging Process for Equipment: AGV003
[2025-11-10 13:15:51][INFO][EquipmentManager] Charging started for AGV003
[2025-11-10 13:15:51][INFO][Task-AGV003] Equipment: AGV003 Charging... Current Level: 75.0%
[2025-11-10 13:15:51][INFO][Task-AGV002] Equipment: AGV002 Charging... Current Level: 57.0%
[2025-11-10 13:15:51][INFO][Task-AGV001] Equipment: AGV001 Charging... Current Level: 82.0%
[2025-11-10 13:15:52][INFO][Task-AGV003] Equipment: AGV003 Charging... Current Level: 85.0%
[2025-11-10 13:15:52][INFO][Task-AGV002] Equipment: AGV002 Charging... Current Level: 67.0%
[2025-11-10 13:15:52][INFO][Task-AGV001] Equipment: AGV001 Charging... Current Level: 92.0%
[2025-11-10 13:15:53][INFO][Task-AGV003] Equipment: AGV003 Charging... Current Level: 95.0%
[2025-11-10 13:15:53][INFO][Task-AGV002] Equipment: AGV002 Charging... Current Level: 77.0%
[2025-11-10 13:15:53][INFO][Task-AGV001] Equipment: AGV001 Fully Charged!
[2025-11-10 13:15:53][INFO][EquipmentManager] Released from charge AGV001
[2025-11-10 13:15:53][INFO][Task-AGV001] Equipment: AGV001 Released from Charging Station.
[2025-11-10 13:15:54][INFO][Task-AGV003] Equipment: AGV003 Fully Charged!
[2025-11-10 13:15:54][INFO][EquipmentManager] Released from charge AGV003
[2025-11-10 13:15:54][INFO][Task-AGV003] Equipment: AGV003 Released from Charging Station.
[2025-11-10 13:15:54][INFO][Task-AGV002] Equipment: AGV002 Charging... Current Level: 87.0%
[2025-11-10 13:15:55][INFO][Task-AGV002] Equipment: AGV002 Charging... Current Level: 97.0%
[2025-11-10 13:15:56][INFO][Task-AGV002] Equipment: AGV002 Fully Charged!
[2025-11-10 13:15:56][INFO][EquipmentManager] Released from charge AGV002
[2025-11-10 13:15:56][INFO][Task-AGV002] Equipment: AGV002 Released from Charging Station.
